<?xml version="1.0" encoding="UTF-8"?>
<!-- Generated by org.testng.reporters.JUnitReportReporter -->
<testsuite hostname="DDCL-SOSA" name="github.test.LoginLogout.GitHubLoginLogout" tests="1" failures="0" timestamp="24 Mar 2016 01:11:40 GMT" time="37.552" errors="0">
  <testcase name="testLoginLogout" time="37.552" classname="github.test.LoginLogout.GitHubLoginLogout"/>
</testsuite> <!-- github.test.LoginLogout.GitHubLoginLogout -->
