<?xml version="1.0" encoding="UTF-8"?>
<!-- Generated by org.testng.reporters.JUnitReportReporter -->
<testsuite hostname="DDCL-SOSA" name="mypackage.IgnoreTest" tests="2" failures="0" timestamp="22 Mar 2016 14:15:36 GMT" time="0.014" errors="0">
  <testcase name="testSalutationMessage" time="0.001" classname="mypackage.IgnoreTest"/>
  <testcase name="testPrintMessage" time="0.013" classname="mypackage.IgnoreTest"/>
</testsuite> <!-- mypackage.IgnoreTest -->
