<?xml version="1.0" encoding="UTF-8"?>
<!-- Generated by org.testng.reporters.JUnitReportReporter -->
<testsuite hostname="DDCL-SOSA" name="mypackage.LindaDong" tests="3" failures="0" timestamp="21 Mar 2016 20:30:18 GMT" time="0.273" errors="0">
  <testcase name="loadPage" time="0.185" classname="mypackage.LindaDong"/>
  <testcase name="testTitle" time="0.019" classname="mypackage.LindaDong"/>
  <testcase name="testingGroups" time="0.069" classname="mypackage.LindaDong"/>
</testsuite> <!-- mypackage.LindaDong -->
