<?xml version="1.0" encoding="UTF-8"?>
<!-- Generated by org.testng.reporters.JUnitReportReporter -->
<testsuite hostname="DDCL-SOSA" name="mypackage.GroupTestExample" tests="2" failures="0" timestamp="22 Mar 2016 14:52:42 GMT" time="0.010" errors="0">
  <testcase name="testSalutationMessage" time="0.000" classname="mypackage.GroupTestExample"/>
  <testcase name="testPrintMessage" time="0.010" classname="mypackage.GroupTestExample"/>
</testsuite> <!-- mypackage.GroupTestExample -->
